I:\GRAPHICS\FMOD\HELLOWORLD\DEBUG\CODE PRACTICE.PCH
I:\GRAPHICS\FMOD\HELLOWORLD\DEBUG\STDAFX.OBJ
I:\GRAPHICS\FMOD\HELLOWORLD\DEBUG\VC110.PDB
I:\GRAPHICS\FMOD\HELLOWORLD\DEBUG\HELLOWORLD.OBJ
I:\GRAPHICS\FMOD\DEBUG\CODE PRACTICE.ILK
I:\GRAPHICS\FMOD\DEBUG\CODE PRACTICE.EXE
I:\GRAPHICS\FMOD\DEBUG\CODE PRACTICE.PDB
I:\Graphics\FMOD\HelloWorld\Debug\Circle.obj
I:\Graphics\FMOD\HelloWorld\Debug\stdafx.obj
I:\Graphics\FMOD\HelloWorld\Debug\HelloWorld.obj
I:\Graphics\FMOD\HelloWorld\Debug\cl.command.1.tlog
I:\Graphics\FMOD\HelloWorld\Debug\link.4948-rc.write.1.tlog
I:\Graphics\FMOD\HelloWorld\Debug\link.4948.read.1.tlog
I:\Graphics\FMOD\HelloWorld\Debug\link.4948-cvtres.read.1.tlog
I:\Graphics\FMOD\HelloWorld\Debug\link-cvtres.read.1.tlog
I:\Graphics\FMOD\HelloWorld\Debug\link-cvtres.write.1.tlog
I:\Graphics\FMOD\HelloWorld\Debug\link-rc.read.1.tlog
I:\Graphics\FMOD\HelloWorld\Debug\link-rc.write.1.tlog
I:\Graphics\FMOD\HelloWorld\Debug\link.1472-cvtres.read.1.tlog
I:\Graphics\FMOD\HelloWorld\Debug\link.1472-cvtres.write.1.tlog
I:\Graphics\FMOD\HelloWorld\Debug\link.1472-rc.read.1.tlog
I:\Graphics\FMOD\HelloWorld\Debug\link.1472-rc.write.1.tlog
I:\Graphics\FMOD\HelloWorld\Debug\link.1472.read.1.tlog
I:\Graphics\FMOD\HelloWorld\Debug\link.1472.write.1.tlog
I:\Graphics\FMOD\HelloWorld\Debug\link.292-cvtres.read.1.tlog
I:\Graphics\FMOD\HelloWorld\Debug\link.292-cvtres.write.1.tlog
I:\Graphics\FMOD\HelloWorld\Debug\link.292-rc.read.1.tlog
I:\Graphics\FMOD\HelloWorld\Debug\link.292-rc.write.1.tlog
I:\Graphics\FMOD\HelloWorld\Debug\link.292.read.1.tlog
I:\Graphics\FMOD\HelloWorld\Debug\link.292.write.1.tlog
I:\Graphics\FMOD\HelloWorld\Debug\link.3100-cvtres.read.1.tlog
I:\Graphics\FMOD\HelloWorld\Debug\link.3100-cvtres.write.1.tlog
I:\Graphics\FMOD\HelloWorld\Debug\link.3100-rc.read.1.tlog
I:\Graphics\FMOD\HelloWorld\Debug\link.3100-rc.write.1.tlog
I:\Graphics\FMOD\HelloWorld\Debug\link.3100.read.1.tlog
I:\Graphics\FMOD\HelloWorld\Debug\link.3100.write.1.tlog
I:\Graphics\FMOD\HelloWorld\Debug\link.4132-cvtres.read.1.tlog
I:\Graphics\FMOD\HelloWorld\Debug\link.4132-cvtres.write.1.tlog
I:\Graphics\FMOD\HelloWorld\Debug\link.4132-rc.read.1.tlog
I:\Graphics\FMOD\HelloWorld\Debug\link.4132-rc.write.1.tlog
I:\Graphics\FMOD\HelloWorld\Debug\link.4132.read.1.tlog
I:\Graphics\FMOD\HelloWorld\Debug\link.4132.write.1.tlog
I:\Graphics\FMOD\HelloWorld\Debug\link.4276-cvtres.read.1.tlog
I:\Graphics\FMOD\HelloWorld\Debug\link.4276-cvtres.write.1.tlog
I:\Graphics\FMOD\HelloWorld\Debug\link.4276-rc.read.1.tlog
I:\Graphics\FMOD\HelloWorld\Debug\link.4276-rc.write.1.tlog
I:\Graphics\FMOD\HelloWorld\Debug\link.4276.read.1.tlog
I:\Graphics\FMOD\HelloWorld\Debug\link.4276.write.1.tlog
I:\Graphics\FMOD\HelloWorld\Debug\link.5116-cvtres.read.1.tlog
I:\Graphics\FMOD\HelloWorld\Debug\link.5116-cvtres.write.1.tlog
I:\Graphics\FMOD\HelloWorld\Debug\link.5116-rc.read.1.tlog
I:\Graphics\FMOD\HelloWorld\Debug\link.5116-rc.write.1.tlog
I:\Graphics\FMOD\HelloWorld\Debug\link.5116.read.1.tlog
I:\Graphics\FMOD\HelloWorld\Debug\link.5116.write.1.tlog
I:\Graphics\FMOD\HelloWorld\Debug\link.5552-cvtres.read.1.tlog
I:\Graphics\FMOD\HelloWorld\Debug\link.5552-cvtres.write.1.tlog
I:\Graphics\FMOD\HelloWorld\Debug\link.5552-rc.read.1.tlog
I:\Graphics\FMOD\HelloWorld\Debug\link.5552-rc.write.1.tlog
I:\Graphics\FMOD\HelloWorld\Debug\link.5552.read.1.tlog
I:\Graphics\FMOD\HelloWorld\Debug\link.5552.write.1.tlog
I:\Graphics\FMOD\HelloWorld\Debug\link.5772-cvtres.read.1.tlog
I:\Graphics\FMOD\HelloWorld\Debug\link.5772-cvtres.write.1.tlog
I:\Graphics\FMOD\HelloWorld\Debug\link.5772-rc.read.1.tlog
I:\Graphics\FMOD\HelloWorld\Debug\link.5772-rc.write.1.tlog
I:\Graphics\FMOD\HelloWorld\Debug\link.5772.read.1.tlog
I:\Graphics\FMOD\HelloWorld\Debug\link.5772.write.1.tlog
I:\Graphics\FMOD\HelloWorld\Debug\link.5956-cvtres.read.1.tlog
I:\Graphics\FMOD\HelloWorld\Debug\link.5956-cvtres.write.1.tlog
I:\Graphics\FMOD\HelloWorld\Debug\link.5956-rc.read.1.tlog
I:\Graphics\FMOD\HelloWorld\Debug\link.5956-rc.write.1.tlog
I:\Graphics\FMOD\HelloWorld\Debug\link.5956.read.1.tlog
I:\Graphics\FMOD\HelloWorld\Debug\link.5956.write.1.tlog
I:\Graphics\FMOD\HelloWorld\Debug\link.5964-cvtres.read.1.tlog
I:\Graphics\FMOD\HelloWorld\Debug\link.5964-cvtres.write.1.tlog
I:\Graphics\FMOD\HelloWorld\Debug\link.5964-rc.read.1.tlog
I:\Graphics\FMOD\HelloWorld\Debug\link.5964-rc.write.1.tlog
I:\Graphics\FMOD\HelloWorld\Debug\link.5964.read.1.tlog
I:\Graphics\FMOD\HelloWorld\Debug\link.5964.write.1.tlog
I:\Graphics\FMOD\HelloWorld\Debug\link.5968-cvtres.read.1.tlog
I:\Graphics\FMOD\HelloWorld\Debug\link.5968-cvtres.write.1.tlog
I:\Graphics\FMOD\HelloWorld\Debug\link.5968-rc.read.1.tlog
I:\Graphics\FMOD\HelloWorld\Debug\link.5968-rc.write.1.tlog
I:\Graphics\FMOD\HelloWorld\Debug\link.5968.read.1.tlog
I:\Graphics\FMOD\HelloWorld\Debug\link.5968.write.1.tlog
I:\Graphics\FMOD\HelloWorld\Debug\link.6188-cvtres.read.1.tlog
I:\Graphics\FMOD\HelloWorld\Debug\link.6188-cvtres.write.1.tlog
I:\Graphics\FMOD\HelloWorld\Debug\link.6188-rc.read.1.tlog
I:\Graphics\FMOD\HelloWorld\Debug\link.6188-rc.write.1.tlog
I:\Graphics\FMOD\HelloWorld\Debug\link.6188.read.1.tlog
I:\Graphics\FMOD\HelloWorld\Debug\link.6188.write.1.tlog
I:\Graphics\FMOD\HelloWorld\Debug\link.7048-cvtres.read.1.tlog
I:\Graphics\FMOD\HelloWorld\Debug\link.7048-cvtres.write.1.tlog
I:\Graphics\FMOD\HelloWorld\Debug\link.7048-rc.read.1.tlog
I:\Graphics\FMOD\HelloWorld\Debug\link.7048-rc.write.1.tlog
I:\Graphics\FMOD\HelloWorld\Debug\link.7048.read.1.tlog
I:\Graphics\FMOD\HelloWorld\Debug\link.7048.write.1.tlog
I:\Graphics\FMOD\HelloWorld\Debug\link.command.1.tlog
I:\Graphics\FMOD\HelloWorld\Debug\link.4948-cvtres.write.1.tlog
I:\Graphics\FMOD\HelloWorld\Debug\link.4948.write.1.tlog
I:\Graphics\FMOD\HelloWorld\Debug\CL.read.1.tlog
I:\Graphics\FMOD\HelloWorld\Debug\link.5112-rc.read.1.tlog
I:\Graphics\FMOD\HelloWorld\Debug\link.read.1.tlog
I:\Graphics\FMOD\HelloWorld\Debug\link.5112-rc.write.1.tlog
I:\Graphics\FMOD\HelloWorld\Debug\CL.write.1.tlog
I:\Graphics\FMOD\HelloWorld\Debug\link.5112-cvtres.read.1.tlog
I:\Graphics\FMOD\HelloWorld\Debug\link.write.1.tlog
I:\Graphics\FMOD\HelloWorld\Debug\link.5112-cvtres.write.1.tlog
I:\Graphics\FMOD\HelloWorld\Debug\link.5112.read.1.tlog
I:\Graphics\FMOD\HelloWorld\Debug\link.5112.write.1.tlog
I:\Graphics\FMOD\HelloWorld\Debug\link.5372-rc.read.1.tlog
I:\Graphics\FMOD\HelloWorld\Debug\link.5372-rc.write.1.tlog
I:\Graphics\FMOD\HelloWorld\Debug\link.5372-cvtres.read.1.tlog
I:\Graphics\FMOD\HelloWorld\Debug\link.5372-cvtres.write.1.tlog
I:\Graphics\FMOD\HelloWorld\Debug\link.5372.read.1.tlog
I:\Graphics\FMOD\HelloWorld\Debug\link.5372.write.1.tlog
I:\Graphics\FMOD\HelloWorld\Debug\link.4948-rc.read.1.tlog
I:\Graphics\FMOD\HelloWorld\Debug\Code Practice.pch
I:\Graphics\FMOD\HelloWorld\Debug\HelloWorld.pch
I:\Graphics\FMOD\HelloWorld\Debug\vc110.idb
I:\Graphics\FMOD\HelloWorld\Debug\vc110.pdb
I:\Graphics\FMOD\Debug\Code Practice.pdb
I:\Graphics\FMOD\Debug\Code Practice.exe
I:\Graphics\FMOD\Debug\Code Practice.ilk
